Arguments: 
  /Users/mchayapol/.nvm/versions/node/v16.15.0/bin/node /usr/local/Cellar/yarn/1.22.19/libexec/bin/yarn.js

PATH: 
  /Users/mchayapol/Library/pnpm:/Users/mchayapol/.nvm/versions/node/v16.15.0/bin:/usr/local/opt/icu4c/sbin:/usr/local/opt/icu4c/bin:/Users/mchayapol/google-cloud-sdk/bin:/usr/local/Caskroom/miniconda/base/bin:/usr/local/Caskroom/miniconda/base/condabin:/usr/local/bin:/usr/bin:/bin:/usr/sbin:/sbin

Yarn version: 
  1.22.19

Node version: 
  16.15.0

Platform: 
  darwin x64

Trace: 
  Error: ENOENT: no such file or directory, copyfile '/Users/mchayapol/Library/Caches/Yarn/v6/npm-has-flag-3.0.0-b5d454dc2199ae225699f3467e5a07f3b955bafd-integrity/node_modules/has-flag/index.js' -> '/Users/mchayapol/codes/dso/pea/react-todo-app/node_modules/nodemon/node_modules/has-flag/index.js'

npm manifest: 
  {
    "name": "101-app",
    "version": "1.0.0",
    "main": "index.js",
    "license": "MIT",
    "scripts": {
      "prettify": "prettier -l --write \"**/*.js\"",
      "test": "jest",
      "test-init": "jest --init",
      "dev": "nodemon src/index.js",
      "start": "node src/index.js"
    },
    "dependencies": {
      "body-parser": "^1.19.0",
      "express": "^4.17.1",
      "mysql": "^2.17.1",
      "sqlite3": "^4.1.0",
      "uuid": "^3.3.3",
      "wait-port": "^0.2.2"
    },
    "prettier": {
      "trailingComma": "all",
      "tabWidth": 4,
      "useTabs": false,
      "semi": true,
      "singleQuote": true
    },
    "devDependencies": {
      "jest": "^27.2.1",
      "jest-puppeteer": "^5.0.4",
      "nodemon": "^1.19.2",
      "prettier": "^1.18.2",
      "puppeteer": "^10.4.0"
    }
  }

yarn manifest: 
  No manifest

Lockfile: 
  No lockfile
